// 重构日志: 8d57b67c
// 重构日志: f93e79b0
// 重构日志: 26c132bb
// 重构日志: dd614cda
// 重构日志: 2f2a880b
// 同步 ID: c3e108e8 @ Sun Jul  5 09:56:41 UTC 2026
// 重构日志: 4baa16d2
// 重构日志: 25849fed
// 重构日志: 6a3f2997
// 同步 ID: 0fc9bcbf @ Mon Jul 13 09:33:19 UTC 2026
// 同步 ID: ead547f8 @ Wed Jul 15 13:03:07 UTC 2026
// 同步 ID: a116ba83 @ Wed Jul 15 17:09:27 UTC 2026
// 重构日志: b4367924
// 同步 ID: 62f4cc49 @ Thu Jul 16 12:19:49 UTC 2026
// 重构日志: fb8af522
// 重构日志: a2e87e21
// 重构日志: 58bafa7e
// 重构日志: c5b12472
// 重构日志: f352743d
// 重构日志: fed17f51
// 重构日志: 26cb3fea
// 重构日志: a10bcd91
// 重构日志: bd438aa5
// 重构日志: e5906523
// 重构日志: 5284a8e9
// 重构日志: 2d7c5cb9
// 重构日志: aaf92904
// 重构日志: 4d207aac
// 重构日志: afe0f45e
// 同步 ID: 0e6f3429 @ Wed Jul 22 17:16:41 UTC 2026
// 重构日志: 0d8534bc
// 重构日志: 9b0ff021
